{"/home/gaurav/Documents/Github/math-code/js/add.js": {"path":"/home/gaurav/Documents/Github/math-code/js/add.js","statementMap":{},"fnMap":{},"branchMap":{},"s":{},"f":{},"b":{},"_coverageSchema":"1a1c01bbd47fc00a2c39e90264f33305004495a9","hash":"5b94a4fbaf4da6101e5c65cdd42d476b1e9039d1"}
,"/home/gaurav/Documents/Github/math-code/js/fact.js": {"path":"/home/gaurav/Documents/Github/math-code/js/fact.js","statementMap":{},"fnMap":{},"branchMap":{},"s":{},"f":{},"b":{},"_coverageSchema":"1a1c01bbd47fc00a2c39e90264f33305004495a9","hash":"0d3a636fa4499f2044ba632bff4614b94066cf96"}
,"/home/gaurav/Documents/Github/math-code/js/mcAdd.js": {"path":"/home/gaurav/Documents/Github/math-code/js/mcAdd.js","statementMap":{"0":{"start":{"line":4,"column":13},"end":{"line":4,"column":14}},"1":{"start":{"line":5,"column":1},"end":{"line":7,"column":2}},"2":{"start":{"line":5,"column":14},"end":{"line":5,"column":15}},"3":{"start":{"line":5,"column":21},"end":{"line":5,"column":37}},"4":{"start":{"line":6,"column":2},"end":{"line":6,"column":44}},"5":{"start":{"line":8,"column":1},"end":{"line":8,"column":14}}},"fnMap":{"0":{"name":"mcAdd","decl":{"start":{"line":3,"column":16},"end":{"line":3,"column":21}},"loc":{"start":{"line":3,"column":24},"end":{"line":9,"column":1}},"line":3}},"branchMap":{},"s":{"0":29,"1":29,"2":29,"3":29,"4":36,"5":29},"f":{"0":29},"b":{},"_coverageSchema":"1a1c01bbd47fc00a2c39e90264f33305004495a9","hash":"d45834e041d31d190a118dcc8c87757da92d1cd1"}
,"/home/gaurav/Documents/Github/math-code/js/mcAddSection.js": {"path":"/home/gaurav/Documents/Github/math-code/js/mcAddSection.js","statementMap":{"0":{"start":{"line":13,"column":1},"end":{"line":13,"column":12}},"1":{"start":{"line":14,"column":1},"end":{"line":14,"column":22}},"2":{"start":{"line":15,"column":1},"end":{"line":15,"column":23}},"3":{"start":{"line":16,"column":1},"end":{"line":16,"column":27}},"4":{"start":{"line":17,"column":1},"end":{"line":17,"column":23}},"5":{"start":{"line":18,"column":1},"end":{"line":18,"column":25}},"6":{"start":{"line":19,"column":1},"end":{"line":19,"column":25}},"7":{"start":{"line":20,"column":1},"end":{"line":20,"column":27}},"8":{"start":{"line":22,"column":1},"end":{"line":23,"column":16}},"9":{"start":{"line":23,"column":2},"end":{"line":23,"column":16}},"10":{"start":{"line":24,"column":1},"end":{"line":25,"column":17}},"11":{"start":{"line":25,"column":2},"end":{"line":25,"column":17}},"12":{"start":{"line":27,"column":1},"end":{"line":53,"column":2}},"13":{"start":{"line":28,"column":2},"end":{"line":28,"column":25}},"14":{"start":{"line":29,"column":2},"end":{"line":29,"column":27}},"15":{"start":{"line":30,"column":2},"end":{"line":30,"column":25}},"16":{"start":{"line":31,"column":2},"end":{"line":31,"column":27}},"17":{"start":{"line":32,"column":2},"end":{"line":32,"column":38}},"18":{"start":{"line":33,"column":2},"end":{"line":33,"column":26}},"19":{"start":{"line":34,"column":2},"end":{"line":34,"column":21}},"20":{"start":{"line":35,"column":2},"end":{"line":35,"column":25}},"21":{"start":{"line":36,"column":2},"end":{"line":36,"column":15}},"22":{"start":{"line":37,"column":8},"end":{"line":53,"column":2}},"23":{"start":{"line":38,"column":2},"end":{"line":38,"column":27}},"24":{"start":{"line":39,"column":2},"end":{"line":39,"column":25}},"25":{"start":{"line":40,"column":2},"end":{"line":40,"column":27}},"26":{"start":{"line":41,"column":2},"end":{"line":41,"column":38}},"27":{"start":{"line":42,"column":2},"end":{"line":42,"column":26}},"28":{"start":{"line":43,"column":2},"end":{"line":43,"column":25}},"29":{"start":{"line":44,"column":2},"end":{"line":44,"column":15}},"30":{"start":{"line":45,"column":8},"end":{"line":53,"column":2}},"31":{"start":{"line":46,"column":2},"end":{"line":46,"column":25}},"32":{"start":{"line":47,"column":2},"end":{"line":47,"column":25}},"33":{"start":{"line":48,"column":2},"end":{"line":48,"column":27}},"34":{"start":{"line":49,"column":2},"end":{"line":49,"column":38}},"35":{"start":{"line":50,"column":2},"end":{"line":50,"column":26}},"36":{"start":{"line":51,"column":2},"end":{"line":51,"column":25}},"37":{"start":{"line":52,"column":2},"end":{"line":52,"column":15}},"38":{"start":{"line":54,"column":1},"end":{"line":59,"column":3}},"39":{"start":{"line":55,"column":2},"end":{"line":59,"column":3}},"40":{"start":{"line":56,"column":3},"end":{"line":56,"column":23}},"41":{"start":{"line":57,"column":3},"end":{"line":57,"column":16}},"42":{"start":{"line":58,"column":3},"end":{"line":58,"column":9}},"43":{"start":{"line":60,"column":1},"end":{"line":65,"column":3}},"44":{"start":{"line":61,"column":2},"end":{"line":65,"column":3}},"45":{"start":{"line":62,"column":3},"end":{"line":62,"column":24}},"46":{"start":{"line":63,"column":3},"end":{"line":63,"column":17}},"47":{"start":{"line":64,"column":3},"end":{"line":64,"column":9}},"48":{"start":{"line":66,"column":1},"end":{"line":141,"column":2}},"49":{"start":{"line":67,"column":2},"end":{"line":70,"column":28}},"50":{"start":{"line":68,"column":3},"end":{"line":68,"column":27}},"51":{"start":{"line":70,"column":3},"end":{"line":70,"column":28}},"52":{"start":{"line":71,"column":2},"end":{"line":71,"column":36}},"53":{"start":{"line":72,"column":2},"end":{"line":72,"column":38}},"54":{"start":{"line":73,"column":2},"end":{"line":83,"column":3}},"55":{"start":{"line":74,"column":3},"end":{"line":74,"column":74}},"56":{"start":{"line":75,"column":3},"end":{"line":75,"column":78}},"57":{"start":{"line":76,"column":3},"end":{"line":76,"column":47}},"58":{"start":{"line":77,"column":3},"end":{"line":77,"column":60}},"59":{"start":{"line":78,"column":3},"end":{"line":78,"column":31}},"60":{"start":{"line":79,"column":3},"end":{"line":82,"column":4}},"61":{"start":{"line":80,"column":4},"end":{"line":80,"column":38}},"62":{"start":{"line":81,"column":4},"end":{"line":81,"column":34}},"63":{"start":{"line":84,"column":2},"end":{"line":84,"column":26}},"64":{"start":{"line":85,"column":2},"end":{"line":85,"column":25}},"65":{"start":{"line":86,"column":2},"end":{"line":86,"column":15}},"66":{"start":{"line":87,"column":8},"end":{"line":141,"column":2}},"67":{"start":{"line":89,"column":2},"end":{"line":99,"column":3}},"68":{"start":{"line":90,"column":3},"end":{"line":90,"column":26}},"69":{"start":{"line":91,"column":3},"end":{"line":91,"column":27}},"70":{"start":{"line":92,"column":3},"end":{"line":92,"column":30}},"71":{"start":{"line":93,"column":3},"end":{"line":93,"column":27}},"72":{"start":{"line":94,"column":9},"end":{"line":99,"column":3}},"73":{"start":{"line":95,"column":3},"end":{"line":95,"column":28}},"74":{"start":{"line":96,"column":3},"end":{"line":96,"column":29}},"75":{"start":{"line":97,"column":3},"end":{"line":97,"column":32}},"76":{"start":{"line":98,"column":3},"end":{"line":98,"column":29}},"77":{"start":{"line":100,"column":2},"end":{"line":100,"column":62}},"78":{"start":{"line":101,"column":2},"end":{"line":101,"column":66}},"79":{"start":{"line":102,"column":2},"end":{"line":103,"column":25}},"80":{"start":{"line":103,"column":3},"end":{"line":103,"column":25}},"81":{"start":{"line":104,"column":2},"end":{"line":105,"column":24}},"82":{"start":{"line":105,"column":3},"end":{"line":105,"column":24}},"83":{"start":{"line":107,"column":2},"end":{"line":107,"column":39}},"84":{"start":{"line":108,"column":2},"end":{"line":108,"column":42}},"85":{"start":{"line":110,"column":2},"end":{"line":110,"column":33}},"86":{"start":{"line":111,"column":2},"end":{"line":111,"column":35}},"87":{"start":{"line":112,"column":2},"end":{"line":112,"column":35}},"88":{"start":{"line":113,"column":2},"end":{"line":113,"column":37}},"89":{"start":{"line":115,"column":2},"end":{"line":115,"column":50}},"90":{"start":{"line":116,"column":2},"end":{"line":116,"column":53}},"91":{"start":{"line":118,"column":2},"end":{"line":140,"column":3}},"92":{"start":{"line":121,"column":3},"end":{"line":121,"column":37}},"93":{"start":{"line":122,"column":3},"end":{"line":123,"column":21}},"94":{"start":{"line":123,"column":4},"end":{"line":123,"column":21}},"95":{"start":{"line":124,"column":3},"end":{"line":124,"column":36}},"96":{"start":{"line":125,"column":3},"end":{"line":125,"column":45}},"97":{"start":{"line":126,"column":3},"end":{"line":126,"column":16}},"98":{"start":{"line":128,"column":7},"end":{"line":140,"column":3}},"99":{"start":{"line":131,"column":3},"end":{"line":131,"column":61}},"100":{"start":{"line":132,"column":3},"end":{"line":132,"column":37}},"101":{"start":{"line":133,"column":3},"end":{"line":133,"column":22}},"102":{"start":{"line":134,"column":3},"end":{"line":135,"column":21}},"103":{"start":{"line":135,"column":4},"end":{"line":135,"column":21}},"104":{"start":{"line":136,"column":3},"end":{"line":136,"column":36}},"105":{"start":{"line":138,"column":3},"end":{"line":138,"column":45}},"106":{"start":{"line":139,"column":3},"end":{"line":139,"column":16}},"107":{"start":{"line":142,"column":1},"end":{"line":142,"column":31}}},"fnMap":{"0":{"name":"mcAddSection","decl":{"start":{"line":3,"column":16},"end":{"line":3,"column":28}},"loc":{"start":{"line":3,"column":44},"end":{"line":143,"column":1}},"line":3}},"branchMap":{"0":{"loc":{"start":{"line":27,"column":1},"end":{"line":53,"column":2}},"type":"if","locations":[{"start":{"line":27,"column":1},"end":{"line":53,"column":2}},{"start":{"line":27,"column":1},"end":{"line":53,"column":2}}],"line":27},"1":{"loc":{"start":{"line":27,"column":5},"end":{"line":27,"column":40}},"type":"binary-expr","locations":[{"start":{"line":27,"column":5},"end":{"line":27,"column":20}},{"start":{"line":27,"column":24},"end":{"line":27,"column":40}}],"line":27},"2":{"loc":{"start":{"line":37,"column":8},"end":{"line":53,"column":2}},"type":"if","locations":[{"start":{"line":37,"column":8},"end":{"line":53,"column":2}},{"start":{"line":37,"column":8},"end":{"line":53,"column":2}}],"line":37},"3":{"loc":{"start":{"line":37,"column":12},"end":{"line":37,"column":47}},"type":"binary-expr","locations":[{"start":{"line":37,"column":12},"end":{"line":37,"column":27}},{"start":{"line":37,"column":31},"end":{"line":37,"column":47}}],"line":37},"4":{"loc":{"start":{"line":45,"column":8},"end":{"line":53,"column":2}},"type":"if","locations":[{"start":{"line":45,"column":8},"end":{"line":53,"column":2}},{"start":{"line":45,"column":8},"end":{"line":53,"column":2}}],"line":45},"5":{"loc":{"start":{"line":45,"column":12},"end":{"line":45,"column":47}},"type":"binary-expr","locations":[{"start":{"line":45,"column":12},"end":{"line":45,"column":27}},{"start":{"line":45,"column":31},"end":{"line":45,"column":47}}],"line":45},"6":{"loc":{"start":{"line":55,"column":2},"end":{"line":59,"column":3}},"type":"if","locations":[{"start":{"line":55,"column":2},"end":{"line":59,"column":3}},{"start":{"line":55,"column":2},"end":{"line":59,"column":3}}],"line":55},"7":{"loc":{"start":{"line":61,"column":2},"end":{"line":65,"column":3}},"type":"if","locations":[{"start":{"line":61,"column":2},"end":{"line":65,"column":3}},{"start":{"line":61,"column":2},"end":{"line":65,"column":3}}],"line":61},"8":{"loc":{"start":{"line":66,"column":1},"end":{"line":141,"column":2}},"type":"if","locations":[{"start":{"line":66,"column":1},"end":{"line":141,"column":2}},{"start":{"line":66,"column":1},"end":{"line":141,"column":2}}],"line":66},"9":{"loc":{"start":{"line":66,"column":5},"end":{"line":66,"column":52}},"type":"binary-expr","locations":[{"start":{"line":66,"column":5},"end":{"line":66,"column":26}},{"start":{"line":66,"column":30},"end":{"line":66,"column":52}}],"line":66},"10":{"loc":{"start":{"line":67,"column":2},"end":{"line":70,"column":28}},"type":"if","locations":[{"start":{"line":67,"column":2},"end":{"line":70,"column":28}},{"start":{"line":67,"column":2},"end":{"line":70,"column":28}}],"line":67},"11":{"loc":{"start":{"line":74,"column":17},"end":{"line":74,"column":73}},"type":"cond-expr","locations":[{"start":{"line":74,"column":40},"end":{"line":74,"column":41}},{"start":{"line":74,"column":44},"end":{"line":74,"column":73}}],"line":74},"12":{"loc":{"start":{"line":75,"column":18},"end":{"line":75,"column":77}},"type":"cond-expr","locations":[{"start":{"line":75,"column":42},"end":{"line":75,"column":43}},{"start":{"line":75,"column":46},"end":{"line":75,"column":77}}],"line":75},"13":{"loc":{"start":{"line":76,"column":14},"end":{"line":76,"column":46}},"type":"cond-expr","locations":[{"start":{"line":76,"column":34},"end":{"line":76,"column":35}},{"start":{"line":76,"column":38},"end":{"line":76,"column":46}}],"line":76},"14":{"loc":{"start":{"line":79,"column":3},"end":{"line":82,"column":4}},"type":"if","locations":[{"start":{"line":79,"column":3},"end":{"line":82,"column":4}},{"start":{"line":79,"column":3},"end":{"line":82,"column":4}}],"line":79},"15":{"loc":{"start":{"line":87,"column":8},"end":{"line":141,"column":2}},"type":"if","locations":[{"start":{"line":87,"column":8},"end":{"line":141,"column":2}},{"start":{"line":87,"column":8},"end":{"line":141,"column":2}}],"line":87},"16":{"loc":{"start":{"line":87,"column":12},"end":{"line":87,"column":57}},"type":"binary-expr","locations":[{"start":{"line":87,"column":12},"end":{"line":87,"column":32}},{"start":{"line":87,"column":36},"end":{"line":87,"column":57}}],"line":87},"17":{"loc":{"start":{"line":89,"column":2},"end":{"line":99,"column":3}},"type":"if","locations":[{"start":{"line":89,"column":2},"end":{"line":99,"column":3}},{"start":{"line":89,"column":2},"end":{"line":99,"column":3}}],"line":89},"18":{"loc":{"start":{"line":94,"column":9},"end":{"line":99,"column":3}},"type":"if","locations":[{"start":{"line":94,"column":9},"end":{"line":99,"column":3}},{"start":{"line":94,"column":9},"end":{"line":99,"column":3}}],"line":94},"19":{"loc":{"start":{"line":100,"column":15},"end":{"line":100,"column":61}},"type":"cond-expr","locations":[{"start":{"line":100,"column":32},"end":{"line":100,"column":33}},{"start":{"line":100,"column":36},"end":{"line":100,"column":61}}],"line":100},"20":{"loc":{"start":{"line":101,"column":16},"end":{"line":101,"column":65}},"type":"cond-expr","locations":[{"start":{"line":101,"column":34},"end":{"line":101,"column":35}},{"start":{"line":101,"column":38},"end":{"line":101,"column":65}}],"line":101},"21":{"loc":{"start":{"line":118,"column":2},"end":{"line":140,"column":3}},"type":"if","locations":[{"start":{"line":118,"column":2},"end":{"line":140,"column":3}},{"start":{"line":118,"column":2},"end":{"line":140,"column":3}}],"line":118},"22":{"loc":{"start":{"line":118,"column":6},"end":{"line":119,"column":41}},"type":"binary-expr","locations":[{"start":{"line":118,"column":6},"end":{"line":118,"column":45}},{"start":{"line":119,"column":3},"end":{"line":119,"column":41}}],"line":118},"23":{"loc":{"start":{"line":128,"column":7},"end":{"line":140,"column":3}},"type":"if","locations":[{"start":{"line":128,"column":7},"end":{"line":140,"column":3}},{"start":{"line":128,"column":7},"end":{"line":140,"column":3}}],"line":128},"24":{"loc":{"start":{"line":128,"column":11},"end":{"line":129,"column":45}},"type":"binary-expr","locations":[{"start":{"line":128,"column":11},"end":{"line":128,"column":50}},{"start":{"line":129,"column":3},"end":{"line":129,"column":45}}],"line":128}},"s":{"0":38,"1":38,"2":38,"3":38,"4":38,"5":38,"6":38,"7":38,"8":38,"9":1,"10":38,"11":29,"12":38,"13":0,"14":0,"15":0,"16":0,"17":0,"18":0,"19":0,"20":0,"21":0,"22":38,"23":0,"24":0,"25":0,"26":0,"27":0,"28":0,"29":0,"30":38,"31":0,"32":0,"33":0,"34":0,"35":0,"36":0,"37":0,"38":38,"39":60,"40":0,"41":0,"42":0,"43":38,"44":15,"45":0,"46":0,"47":0,"48":38,"49":38,"50":31,"51":7,"52":38,"53":38,"54":38,"55":62,"56":62,"57":62,"58":62,"59":62,"60":62,"61":2,"62":2,"63":38,"64":38,"65":38,"66":0,"67":0,"68":0,"69":0,"70":0,"71":0,"72":0,"73":0,"74":0,"75":0,"76":0,"77":0,"78":0,"79":0,"80":0,"81":0,"82":0,"83":0,"84":0,"85":0,"86":0,"87":0,"88":0,"89":0,"90":0,"91":0,"92":0,"93":0,"94":0,"95":0,"96":0,"97":0,"98":0,"99":0,"100":0,"101":0,"102":0,"103":0,"104":0,"105":0,"106":0,"107":0},"f":{"0":38},"b":{"0":[0,38],"1":[38,0],"2":[0,38],"3":[38,38],"4":[0,38],"5":[38,0],"6":[0,60],"7":[0,15],"8":[38,0],"9":[38,38],"10":[31,7],"11":[2,60],"12":[47,15],"13":[60,2],"14":[2,60],"15":[0,0],"16":[0,0],"17":[0,0],"18":[0,0],"19":[0,0],"20":[0,0],"21":[0,0],"22":[0,0],"23":[0,0],"24":[0,0]},"_coverageSchema":"1a1c01bbd47fc00a2c39e90264f33305004495a9","hash":"10d61978453e331e4a505bdbd7af0ec3d0bc7280"}
,"/home/gaurav/Documents/Github/math-code/js/mcFact.js": {"path":"/home/gaurav/Documents/Github/math-code/js/mcFact.js","statementMap":{"0":{"start":{"line":4,"column":2},"end":{"line":4,"column":28}},"1":{"start":{"line":5,"column":2},"end":{"line":8,"column":49}},"2":{"start":{"line":6,"column":4},"end":{"line":6,"column":15}},"3":{"start":{"line":8,"column":4},"end":{"line":8,"column":49}}},"fnMap":{"0":{"name":"mcFact","decl":{"start":{"line":3,"column":16},"end":{"line":3,"column":22}},"loc":{"start":{"line":3,"column":33},"end":{"line":9,"column":1}},"line":3}},"branchMap":{"0":{"loc":{"start":{"line":5,"column":2},"end":{"line":8,"column":49}},"type":"if","locations":[{"start":{"line":5,"column":2},"end":{"line":8,"column":49}},{"start":{"line":5,"column":2},"end":{"line":8,"column":49}}],"line":5},"1":{"loc":{"start":{"line":5,"column":7},"end":{"line":5,"column":33}},"type":"binary-expr","locations":[{"start":{"line":5,"column":7},"end":{"line":5,"column":18}},{"start":{"line":5,"column":22},"end":{"line":5,"column":33}}],"line":5}},"s":{"0":12,"1":12,"2":4,"3":8},"f":{"0":12},"b":{"0":[4,8],"1":[12,12]},"_coverageSchema":"1a1c01bbd47fc00a2c39e90264f33305004495a9","hash":"cd4163d9f26d76fa967818ce372c66982ae18582"}
,"/home/gaurav/Documents/Github/math-code/js/mcMul.js": {"path":"/home/gaurav/Documents/Github/math-code/js/mcMul.js","statementMap":{"0":{"start":{"line":4,"column":13},"end":{"line":4,"column":14}},"1":{"start":{"line":5,"column":1},"end":{"line":7,"column":2}},"2":{"start":{"line":5,"column":14},"end":{"line":5,"column":15}},"3":{"start":{"line":5,"column":21},"end":{"line":5,"column":37}},"4":{"start":{"line":6,"column":2},"end":{"line":6,"column":44}},"5":{"start":{"line":8,"column":1},"end":{"line":8,"column":14}}},"fnMap":{"0":{"name":"mcMul","decl":{"start":{"line":3,"column":16},"end":{"line":3,"column":21}},"loc":{"start":{"line":3,"column":24},"end":{"line":9,"column":1}},"line":3}},"branchMap":{},"s":{"0":11,"1":11,"2":11,"3":11,"4":21,"5":11},"f":{"0":11},"b":{},"_coverageSchema":"1a1c01bbd47fc00a2c39e90264f33305004495a9","hash":"f8d927a74a428d1e7bde5d5242eb72742357d9c7"}
,"/home/gaurav/Documents/Github/math-code/js/mcMulOne.js": {"path":"/home/gaurav/Documents/Github/math-code/js/mcMulOne.js","statementMap":{"0":{"start":{"line":6,"column":1},"end":{"line":6,"column":12}},"1":{"start":{"line":7,"column":1},"end":{"line":7,"column":25}},"2":{"start":{"line":8,"column":1},"end":{"line":8,"column":19}},"3":{"start":{"line":9,"column":1},"end":{"line":9,"column":26}},"4":{"start":{"line":10,"column":1},"end":{"line":10,"column":27}},"5":{"start":{"line":11,"column":1},"end":{"line":11,"column":32}},"6":{"start":{"line":12,"column":1},"end":{"line":20,"column":2}},"7":{"start":{"line":13,"column":2},"end":{"line":13,"column":46}},"8":{"start":{"line":14,"column":2},"end":{"line":14,"column":70}},"9":{"start":{"line":15,"column":2},"end":{"line":15,"column":30}},"10":{"start":{"line":16,"column":2},"end":{"line":19,"column":3}},"11":{"start":{"line":17,"column":3},"end":{"line":17,"column":37}},"12":{"start":{"line":18,"column":3},"end":{"line":18,"column":33}},"13":{"start":{"line":21,"column":1},"end":{"line":21,"column":25}},"14":{"start":{"line":22,"column":1},"end":{"line":22,"column":24}},"15":{"start":{"line":23,"column":1},"end":{"line":23,"column":14}}},"fnMap":{"0":{"name":"mcMulOne","decl":{"start":{"line":1,"column":16},"end":{"line":1,"column":24}},"loc":{"start":{"line":1,"column":38},"end":{"line":24,"column":1}},"line":1}},"branchMap":{"0":{"loc":{"start":{"line":13,"column":13},"end":{"line":13,"column":45}},"type":"cond-expr","locations":[{"start":{"line":13,"column":31},"end":{"line":13,"column":34}},{"start":{"line":13,"column":37},"end":{"line":13,"column":45}}],"line":13},"1":{"loc":{"start":{"line":16,"column":2},"end":{"line":19,"column":3}},"type":"if","locations":[{"start":{"line":16,"column":2},"end":{"line":19,"column":3}},{"start":{"line":16,"column":2},"end":{"line":19,"column":3}}],"line":16}},"s":{"0":30,"1":30,"2":30,"3":30,"4":30,"5":30,"6":30,"7":41,"8":41,"9":41,"10":41,"11":9,"12":9,"13":30,"14":30,"15":30},"f":{"0":30},"b":{"0":[38,3],"1":[9,32]},"_coverageSchema":"1a1c01bbd47fc00a2c39e90264f33305004495a9","hash":"2d2128427ccd939a75f56db2fe1ca1906a008af4"}
,"/home/gaurav/Documents/Github/math-code/js/mcMulSection.js": {"path":"/home/gaurav/Documents/Github/math-code/js/mcMulSection.js","statementMap":{"0":{"start":{"line":13,"column":1},"end":{"line":13,"column":12}},"1":{"start":{"line":14,"column":1},"end":{"line":14,"column":22}},"2":{"start":{"line":15,"column":1},"end":{"line":15,"column":23}},"3":{"start":{"line":16,"column":1},"end":{"line":16,"column":27}},"4":{"start":{"line":17,"column":1},"end":{"line":17,"column":23}},"5":{"start":{"line":18,"column":1},"end":{"line":18,"column":25}},"6":{"start":{"line":19,"column":1},"end":{"line":19,"column":25}},"7":{"start":{"line":20,"column":1},"end":{"line":20,"column":27}},"8":{"start":{"line":21,"column":1},"end":{"line":22,"column":16}},"9":{"start":{"line":22,"column":2},"end":{"line":22,"column":16}},"10":{"start":{"line":23,"column":1},"end":{"line":24,"column":17}},"11":{"start":{"line":24,"column":2},"end":{"line":24,"column":17}},"12":{"start":{"line":26,"column":1},"end":{"line":53,"column":2}},"13":{"start":{"line":27,"column":2},"end":{"line":27,"column":25}},"14":{"start":{"line":28,"column":2},"end":{"line":28,"column":27}},"15":{"start":{"line":29,"column":2},"end":{"line":29,"column":25}},"16":{"start":{"line":30,"column":2},"end":{"line":30,"column":27}},"17":{"start":{"line":31,"column":2},"end":{"line":31,"column":38}},"18":{"start":{"line":32,"column":2},"end":{"line":32,"column":26}},"19":{"start":{"line":33,"column":2},"end":{"line":33,"column":25}},"20":{"start":{"line":34,"column":2},"end":{"line":34,"column":15}},"21":{"start":{"line":35,"column":8},"end":{"line":53,"column":2}},"22":{"start":{"line":36,"column":2},"end":{"line":36,"column":27}},"23":{"start":{"line":37,"column":2},"end":{"line":37,"column":25}},"24":{"start":{"line":38,"column":2},"end":{"line":38,"column":27}},"25":{"start":{"line":39,"column":2},"end":{"line":39,"column":38}},"26":{"start":{"line":40,"column":2},"end":{"line":40,"column":26}},"27":{"start":{"line":41,"column":2},"end":{"line":41,"column":21}},"28":{"start":{"line":42,"column":2},"end":{"line":42,"column":25}},"29":{"start":{"line":43,"column":2},"end":{"line":43,"column":15}},"30":{"start":{"line":44,"column":8},"end":{"line":53,"column":2}},"31":{"start":{"line":45,"column":2},"end":{"line":45,"column":25}},"32":{"start":{"line":46,"column":2},"end":{"line":46,"column":25}},"33":{"start":{"line":47,"column":2},"end":{"line":47,"column":27}},"34":{"start":{"line":48,"column":2},"end":{"line":48,"column":38}},"35":{"start":{"line":49,"column":2},"end":{"line":49,"column":26}},"36":{"start":{"line":50,"column":2},"end":{"line":50,"column":21}},"37":{"start":{"line":51,"column":2},"end":{"line":51,"column":25}},"38":{"start":{"line":52,"column":2},"end":{"line":52,"column":15}},"39":{"start":{"line":55,"column":1},"end":{"line":60,"column":3}},"40":{"start":{"line":56,"column":2},"end":{"line":60,"column":3}},"41":{"start":{"line":57,"column":3},"end":{"line":57,"column":23}},"42":{"start":{"line":58,"column":3},"end":{"line":58,"column":16}},"43":{"start":{"line":59,"column":3},"end":{"line":59,"column":9}},"44":{"start":{"line":61,"column":1},"end":{"line":66,"column":3}},"45":{"start":{"line":62,"column":2},"end":{"line":66,"column":3}},"46":{"start":{"line":63,"column":3},"end":{"line":63,"column":24}},"47":{"start":{"line":64,"column":3},"end":{"line":64,"column":17}},"48":{"start":{"line":65,"column":3},"end":{"line":65,"column":9}},"49":{"start":{"line":67,"column":1},"end":{"line":112,"column":2}},"50":{"start":{"line":68,"column":2},"end":{"line":68,"column":27}},"51":{"start":{"line":69,"column":2},"end":{"line":69,"column":38}},"52":{"start":{"line":70,"column":2},"end":{"line":70,"column":25}},"53":{"start":{"line":71,"column":2},"end":{"line":75,"column":3}},"54":{"start":{"line":72,"column":3},"end":{"line":72,"column":63}},"55":{"start":{"line":73,"column":3},"end":{"line":74,"column":36}},"56":{"start":{"line":74,"column":4},"end":{"line":74,"column":36}},"57":{"start":{"line":76,"column":2},"end":{"line":76,"column":35}},"58":{"start":{"line":77,"column":2},"end":{"line":77,"column":15}},"59":{"start":{"line":79,"column":6},"end":{"line":112,"column":2}},"60":{"start":{"line":80,"column":2},"end":{"line":90,"column":3}},"61":{"start":{"line":81,"column":3},"end":{"line":81,"column":26}},"62":{"start":{"line":82,"column":3},"end":{"line":82,"column":27}},"63":{"start":{"line":83,"column":3},"end":{"line":83,"column":30}},"64":{"start":{"line":84,"column":3},"end":{"line":84,"column":27}},"65":{"start":{"line":85,"column":9},"end":{"line":90,"column":3}},"66":{"start":{"line":86,"column":3},"end":{"line":86,"column":28}},"67":{"start":{"line":87,"column":3},"end":{"line":87,"column":29}},"68":{"start":{"line":88,"column":3},"end":{"line":88,"column":32}},"69":{"start":{"line":89,"column":3},"end":{"line":89,"column":29}},"70":{"start":{"line":91,"column":2},"end":{"line":91,"column":41}},"71":{"start":{"line":92,"column":2},"end":{"line":92,"column":44}},"72":{"start":{"line":93,"column":2},"end":{"line":93,"column":41}},"73":{"start":{"line":94,"column":2},"end":{"line":94,"column":44}},"74":{"start":{"line":95,"column":2},"end":{"line":95,"column":39}},"75":{"start":{"line":96,"column":2},"end":{"line":96,"column":42}},"76":{"start":{"line":98,"column":2},"end":{"line":98,"column":25}},"77":{"start":{"line":99,"column":2},"end":{"line":99,"column":27}},"78":{"start":{"line":101,"column":2},"end":{"line":101,"column":38}},"79":{"start":{"line":103,"column":2},"end":{"line":103,"column":26}},"80":{"start":{"line":104,"column":2},"end":{"line":104,"column":58}},"81":{"start":{"line":105,"column":2},"end":{"line":105,"column":56}},"82":{"start":{"line":106,"column":2},"end":{"line":107,"column":15}},"83":{"start":{"line":107,"column":3},"end":{"line":107,"column":15}},"84":{"start":{"line":108,"column":2},"end":{"line":109,"column":15}},"85":{"start":{"line":109,"column":3},"end":{"line":109,"column":15}},"86":{"start":{"line":110,"column":2},"end":{"line":110,"column":25}},"87":{"start":{"line":111,"column":2},"end":{"line":111,"column":15}},"88":{"start":{"line":113,"column":1},"end":{"line":113,"column":31}}},"fnMap":{"0":{"name":"mcMulSection","decl":{"start":{"line":4,"column":16},"end":{"line":4,"column":28}},"loc":{"start":{"line":4,"column":44},"end":{"line":114,"column":1}},"line":4}},"branchMap":{"0":{"loc":{"start":{"line":26,"column":1},"end":{"line":53,"column":2}},"type":"if","locations":[{"start":{"line":26,"column":1},"end":{"line":53,"column":2}},{"start":{"line":26,"column":1},"end":{"line":53,"column":2}}],"line":26},"1":{"loc":{"start":{"line":26,"column":5},"end":{"line":26,"column":40}},"type":"binary-expr","locations":[{"start":{"line":26,"column":5},"end":{"line":26,"column":20}},{"start":{"line":26,"column":24},"end":{"line":26,"column":40}}],"line":26},"2":{"loc":{"start":{"line":35,"column":8},"end":{"line":53,"column":2}},"type":"if","locations":[{"start":{"line":35,"column":8},"end":{"line":53,"column":2}},{"start":{"line":35,"column":8},"end":{"line":53,"column":2}}],"line":35},"3":{"loc":{"start":{"line":35,"column":12},"end":{"line":35,"column":47}},"type":"binary-expr","locations":[{"start":{"line":35,"column":12},"end":{"line":35,"column":27}},{"start":{"line":35,"column":31},"end":{"line":35,"column":47}}],"line":35},"4":{"loc":{"start":{"line":44,"column":8},"end":{"line":53,"column":2}},"type":"if","locations":[{"start":{"line":44,"column":8},"end":{"line":53,"column":2}},{"start":{"line":44,"column":8},"end":{"line":53,"column":2}}],"line":44},"5":{"loc":{"start":{"line":44,"column":12},"end":{"line":44,"column":47}},"type":"binary-expr","locations":[{"start":{"line":44,"column":12},"end":{"line":44,"column":27}},{"start":{"line":44,"column":31},"end":{"line":44,"column":47}}],"line":44},"6":{"loc":{"start":{"line":56,"column":2},"end":{"line":60,"column":3}},"type":"if","locations":[{"start":{"line":56,"column":2},"end":{"line":60,"column":3}},{"start":{"line":56,"column":2},"end":{"line":60,"column":3}}],"line":56},"7":{"loc":{"start":{"line":62,"column":2},"end":{"line":66,"column":3}},"type":"if","locations":[{"start":{"line":62,"column":2},"end":{"line":66,"column":3}},{"start":{"line":62,"column":2},"end":{"line":66,"column":3}}],"line":62},"8":{"loc":{"start":{"line":67,"column":1},"end":{"line":112,"column":2}},"type":"if","locations":[{"start":{"line":67,"column":1},"end":{"line":112,"column":2}},{"start":{"line":67,"column":1},"end":{"line":112,"column":2}}],"line":67},"9":{"loc":{"start":{"line":67,"column":5},"end":{"line":67,"column":52}},"type":"binary-expr","locations":[{"start":{"line":67,"column":5},"end":{"line":67,"column":26}},{"start":{"line":67,"column":30},"end":{"line":67,"column":52}}],"line":67},"10":{"loc":{"start":{"line":79,"column":6},"end":{"line":112,"column":2}},"type":"if","locations":[{"start":{"line":79,"column":6},"end":{"line":112,"column":2}},{"start":{"line":79,"column":6},"end":{"line":112,"column":2}}],"line":79},"11":{"loc":{"start":{"line":79,"column":10},"end":{"line":79,"column":55}},"type":"binary-expr","locations":[{"start":{"line":79,"column":10},"end":{"line":79,"column":30}},{"start":{"line":79,"column":34},"end":{"line":79,"column":55}}],"line":79},"12":{"loc":{"start":{"line":80,"column":2},"end":{"line":90,"column":3}},"type":"if","locations":[{"start":{"line":80,"column":2},"end":{"line":90,"column":3}},{"start":{"line":80,"column":2},"end":{"line":90,"column":3}}],"line":80},"13":{"loc":{"start":{"line":85,"column":9},"end":{"line":90,"column":3}},"type":"if","locations":[{"start":{"line":85,"column":9},"end":{"line":90,"column":3}},{"start":{"line":85,"column":9},"end":{"line":90,"column":3}}],"line":85},"14":{"loc":{"start":{"line":108,"column":2},"end":{"line":109,"column":15}},"type":"if","locations":[{"start":{"line":108,"column":2},"end":{"line":109,"column":15}},{"start":{"line":108,"column":2},"end":{"line":109,"column":15}}],"line":108}},"s":{"0":26,"1":26,"2":26,"3":26,"4":26,"5":26,"6":26,"7":26,"8":26,"9":0,"10":26,"11":0,"12":26,"13":0,"14":0,"15":0,"16":0,"17":0,"18":0,"19":0,"20":0,"21":26,"22":0,"23":0,"24":0,"25":0,"26":0,"27":0,"28":0,"29":0,"30":26,"31":0,"32":0,"33":0,"34":0,"35":0,"36":0,"37":0,"38":0,"39":26,"40":33,"41":0,"42":0,"43":0,"44":26,"45":30,"46":0,"47":0,"48":0,"49":26,"50":26,"51":26,"52":26,"53":26,"54":30,"55":30,"56":4,"57":26,"58":26,"59":0,"60":0,"61":0,"62":0,"63":0,"64":0,"65":0,"66":0,"67":0,"68":0,"69":0,"70":0,"71":0,"72":0,"73":0,"74":0,"75":0,"76":0,"77":0,"78":0,"79":0,"80":0,"81":0,"82":0,"83":0,"84":0,"85":0,"86":0,"87":0,"88":0},"f":{"0":26},"b":{"0":[0,26],"1":[26,0],"2":[0,26],"3":[26,26],"4":[0,26],"5":[26,0],"6":[0,33],"7":[0,30],"8":[26,0],"9":[26,26],"10":[0,0],"11":[0,0],"12":[0,0],"13":[0,0],"14":[0,0]},"_coverageSchema":"1a1c01bbd47fc00a2c39e90264f33305004495a9","hash":"11313eb2e774a89b13d79aa062240d43be9ad835"}
,"/home/gaurav/Documents/Github/math-code/js/mcPow.js": {"path":"/home/gaurav/Documents/Github/math-code/js/mcPow.js","statementMap":{"0":{"start":{"line":4,"column":3},"end":{"line":5,"column":17}},"1":{"start":{"line":5,"column":6},"end":{"line":5,"column":17}},"2":{"start":{"line":6,"column":19},"end":{"line":6,"column":21}},"3":{"start":{"line":7,"column":2},"end":{"line":9,"column":3}},"4":{"start":{"line":7,"column":15},"end":{"line":7,"column":16}},"5":{"start":{"line":8,"column":5},"end":{"line":8,"column":30}},"6":{"start":{"line":10,"column":2},"end":{"line":10,"column":42}},"7":{"start":{"line":11,"column":2},"end":{"line":11,"column":15}}},"fnMap":{"0":{"name":"mcPow","decl":{"start":{"line":3,"column":16},"end":{"line":3,"column":21}},"loc":{"start":{"line":3,"column":39},"end":{"line":12,"column":1}},"line":3}},"branchMap":{"0":{"loc":{"start":{"line":4,"column":3},"end":{"line":5,"column":17}},"type":"if","locations":[{"start":{"line":4,"column":3},"end":{"line":5,"column":17}},{"start":{"line":4,"column":3},"end":{"line":5,"column":17}}],"line":4},"1":{"loc":{"start":{"line":4,"column":8},"end":{"line":4,"column":33}},"type":"binary-expr","locations":[{"start":{"line":4,"column":8},"end":{"line":4,"column":18}},{"start":{"line":4,"column":22},"end":{"line":4,"column":33}}],"line":4}},"s":{"0":5,"1":2,"2":3,"3":3,"4":3,"5":5,"6":3,"7":3},"f":{"0":5},"b":{"0":[2,3],"1":[5,4]},"_coverageSchema":"1a1c01bbd47fc00a2c39e90264f33305004495a9","hash":"8a2080343ca46f77e7c28dcdaf8a907827493e8f"}
,"/home/gaurav/Documents/Github/math-code/js/mcSubSection.js": {"path":"/home/gaurav/Documents/Github/math-code/js/mcSubSection.js","statementMap":{"0":{"start":{"line":14,"column":1},"end":{"line":14,"column":12}},"1":{"start":{"line":15,"column":1},"end":{"line":15,"column":22}},"2":{"start":{"line":16,"column":1},"end":{"line":16,"column":23}},"3":{"start":{"line":17,"column":1},"end":{"line":17,"column":17}},"4":{"start":{"line":18,"column":1},"end":{"line":18,"column":27}},"5":{"start":{"line":19,"column":1},"end":{"line":19,"column":23}},"6":{"start":{"line":20,"column":1},"end":{"line":20,"column":25}},"7":{"start":{"line":21,"column":1},"end":{"line":21,"column":25}},"8":{"start":{"line":22,"column":1},"end":{"line":22,"column":27}},"9":{"start":{"line":23,"column":1},"end":{"line":24,"column":16}},"10":{"start":{"line":24,"column":2},"end":{"line":24,"column":16}},"11":{"start":{"line":25,"column":1},"end":{"line":26,"column":17}},"12":{"start":{"line":26,"column":2},"end":{"line":26,"column":17}},"13":{"start":{"line":27,"column":1},"end":{"line":53,"column":2}},"14":{"start":{"line":28,"column":2},"end":{"line":28,"column":25}},"15":{"start":{"line":29,"column":2},"end":{"line":29,"column":27}},"16":{"start":{"line":30,"column":2},"end":{"line":30,"column":25}},"17":{"start":{"line":31,"column":2},"end":{"line":31,"column":27}},"18":{"start":{"line":32,"column":2},"end":{"line":32,"column":38}},"19":{"start":{"line":33,"column":2},"end":{"line":33,"column":26}},"20":{"start":{"line":34,"column":2},"end":{"line":34,"column":25}},"21":{"start":{"line":35,"column":2},"end":{"line":35,"column":15}},"22":{"start":{"line":36,"column":8},"end":{"line":53,"column":2}},"23":{"start":{"line":37,"column":2},"end":{"line":37,"column":27}},"24":{"start":{"line":38,"column":2},"end":{"line":38,"column":25}},"25":{"start":{"line":39,"column":2},"end":{"line":39,"column":27}},"26":{"start":{"line":40,"column":2},"end":{"line":40,"column":38}},"27":{"start":{"line":41,"column":2},"end":{"line":41,"column":26}},"28":{"start":{"line":42,"column":2},"end":{"line":42,"column":25}},"29":{"start":{"line":43,"column":2},"end":{"line":43,"column":15}},"30":{"start":{"line":44,"column":8},"end":{"line":53,"column":2}},"31":{"start":{"line":45,"column":2},"end":{"line":45,"column":25}},"32":{"start":{"line":46,"column":2},"end":{"line":46,"column":25}},"33":{"start":{"line":47,"column":2},"end":{"line":47,"column":27}},"34":{"start":{"line":48,"column":2},"end":{"line":48,"column":38}},"35":{"start":{"line":49,"column":2},"end":{"line":49,"column":26}},"36":{"start":{"line":50,"column":2},"end":{"line":50,"column":21}},"37":{"start":{"line":51,"column":2},"end":{"line":51,"column":25}},"38":{"start":{"line":52,"column":2},"end":{"line":52,"column":15}},"39":{"start":{"line":54,"column":1},"end":{"line":59,"column":3}},"40":{"start":{"line":55,"column":2},"end":{"line":59,"column":3}},"41":{"start":{"line":56,"column":3},"end":{"line":56,"column":23}},"42":{"start":{"line":57,"column":3},"end":{"line":57,"column":16}},"43":{"start":{"line":58,"column":3},"end":{"line":58,"column":9}},"44":{"start":{"line":60,"column":1},"end":{"line":65,"column":3}},"45":{"start":{"line":61,"column":2},"end":{"line":65,"column":3}},"46":{"start":{"line":62,"column":3},"end":{"line":62,"column":24}},"47":{"start":{"line":63,"column":3},"end":{"line":63,"column":17}},"48":{"start":{"line":64,"column":3},"end":{"line":64,"column":9}},"49":{"start":{"line":66,"column":1},"end":{"line":138,"column":2}},"50":{"start":{"line":67,"column":2},"end":{"line":96,"column":3}},"51":{"start":{"line":68,"column":3},"end":{"line":68,"column":54}},"52":{"start":{"line":70,"column":7},"end":{"line":96,"column":3}},"53":{"start":{"line":71,"column":3},"end":{"line":71,"column":55}},"54":{"start":{"line":72,"column":3},"end":{"line":72,"column":27}},"55":{"start":{"line":73,"column":3},"end":{"line":73,"column":22}},"56":{"start":{"line":74,"column":3},"end":{"line":74,"column":26}},"57":{"start":{"line":75,"column":3},"end":{"line":75,"column":16}},"58":{"start":{"line":77,"column":7},"end":{"line":96,"column":3}},"59":{"start":{"line":78,"column":3},"end":{"line":92,"column":4}},"60":{"start":{"line":79,"column":4},"end":{"line":91,"column":5}},"61":{"start":{"line":80,"column":5},"end":{"line":80,"column":20}},"62":{"start":{"line":82,"column":9},"end":{"line":91,"column":5}},"63":{"start":{"line":83,"column":5},"end":{"line":83,"column":56}},"64":{"start":{"line":85,"column":9},"end":{"line":91,"column":5}},"65":{"start":{"line":86,"column":5},"end":{"line":86,"column":57}},"66":{"start":{"line":87,"column":5},"end":{"line":87,"column":29}},"67":{"start":{"line":88,"column":5},"end":{"line":88,"column":24}},"68":{"start":{"line":89,"column":5},"end":{"line":89,"column":28}},"69":{"start":{"line":90,"column":5},"end":{"line":90,"column":18}},"70":{"start":{"line":93,"column":3},"end":{"line":95,"column":4}},"71":{"start":{"line":94,"column":4},"end":{"line":94,"column":15}},"72":{"start":{"line":98,"column":6},"end":{"line":138,"column":2}},"73":{"start":{"line":99,"column":2},"end":{"line":110,"column":3}},"74":{"start":{"line":100,"column":3},"end":{"line":100,"column":26}},"75":{"start":{"line":101,"column":3},"end":{"line":101,"column":27}},"76":{"start":{"line":102,"column":3},"end":{"line":102,"column":30}},"77":{"start":{"line":103,"column":3},"end":{"line":103,"column":27}},"78":{"start":{"line":105,"column":7},"end":{"line":110,"column":3}},"79":{"start":{"line":106,"column":3},"end":{"line":106,"column":28}},"80":{"start":{"line":107,"column":3},"end":{"line":107,"column":29}},"81":{"start":{"line":108,"column":3},"end":{"line":108,"column":32}},"82":{"start":{"line":109,"column":3},"end":{"line":109,"column":29}},"83":{"start":{"line":111,"column":2},"end":{"line":111,"column":62}},"84":{"start":{"line":112,"column":2},"end":{"line":112,"column":66}},"85":{"start":{"line":113,"column":2},"end":{"line":114,"column":25}},"86":{"start":{"line":114,"column":3},"end":{"line":114,"column":25}},"87":{"start":{"line":115,"column":2},"end":{"line":116,"column":24}},"88":{"start":{"line":116,"column":3},"end":{"line":116,"column":24}},"89":{"start":{"line":118,"column":2},"end":{"line":118,"column":39}},"90":{"start":{"line":119,"column":2},"end":{"line":119,"column":42}},"91":{"start":{"line":121,"column":2},"end":{"line":121,"column":39}},"92":{"start":{"line":122,"column":2},"end":{"line":122,"column":42}},"93":{"start":{"line":124,"column":2},"end":{"line":124,"column":56}},"94":{"start":{"line":125,"column":2},"end":{"line":125,"column":26}},"95":{"start":{"line":126,"column":2},"end":{"line":126,"column":37}},"96":{"start":{"line":127,"column":2},"end":{"line":127,"column":54}},"97":{"start":{"line":129,"column":2},"end":{"line":131,"column":3}},"98":{"start":{"line":130,"column":3},"end":{"line":130,"column":15}},"99":{"start":{"line":132,"column":2},"end":{"line":134,"column":3}},"100":{"start":{"line":133,"column":3},"end":{"line":133,"column":15}},"101":{"start":{"line":135,"column":2},"end":{"line":135,"column":25}},"102":{"start":{"line":136,"column":2},"end":{"line":136,"column":15}},"103":{"start":{"line":139,"column":1},"end":{"line":139,"column":31}}},"fnMap":{"0":{"name":"mcSubSection","decl":{"start":{"line":4,"column":16},"end":{"line":4,"column":28}},"loc":{"start":{"line":4,"column":44},"end":{"line":140,"column":1}},"line":4}},"branchMap":{"0":{"loc":{"start":{"line":27,"column":1},"end":{"line":53,"column":2}},"type":"if","locations":[{"start":{"line":27,"column":1},"end":{"line":53,"column":2}},{"start":{"line":27,"column":1},"end":{"line":53,"column":2}}],"line":27},"1":{"loc":{"start":{"line":27,"column":5},"end":{"line":27,"column":40}},"type":"binary-expr","locations":[{"start":{"line":27,"column":5},"end":{"line":27,"column":20}},{"start":{"line":27,"column":24},"end":{"line":27,"column":40}}],"line":27},"2":{"loc":{"start":{"line":36,"column":8},"end":{"line":53,"column":2}},"type":"if","locations":[{"start":{"line":36,"column":8},"end":{"line":53,"column":2}},{"start":{"line":36,"column":8},"end":{"line":53,"column":2}}],"line":36},"3":{"loc":{"start":{"line":36,"column":12},"end":{"line":36,"column":47}},"type":"binary-expr","locations":[{"start":{"line":36,"column":12},"end":{"line":36,"column":27}},{"start":{"line":36,"column":31},"end":{"line":36,"column":47}}],"line":36},"4":{"loc":{"start":{"line":44,"column":8},"end":{"line":53,"column":2}},"type":"if","locations":[{"start":{"line":44,"column":8},"end":{"line":53,"column":2}},{"start":{"line":44,"column":8},"end":{"line":53,"column":2}}],"line":44},"5":{"loc":{"start":{"line":44,"column":12},"end":{"line":44,"column":47}},"type":"binary-expr","locations":[{"start":{"line":44,"column":12},"end":{"line":44,"column":27}},{"start":{"line":44,"column":31},"end":{"line":44,"column":47}}],"line":44},"6":{"loc":{"start":{"line":55,"column":2},"end":{"line":59,"column":3}},"type":"if","locations":[{"start":{"line":55,"column":2},"end":{"line":59,"column":3}},{"start":{"line":55,"column":2},"end":{"line":59,"column":3}}],"line":55},"7":{"loc":{"start":{"line":61,"column":2},"end":{"line":65,"column":3}},"type":"if","locations":[{"start":{"line":61,"column":2},"end":{"line":65,"column":3}},{"start":{"line":61,"column":2},"end":{"line":65,"column":3}}],"line":61},"8":{"loc":{"start":{"line":66,"column":1},"end":{"line":138,"column":2}},"type":"if","locations":[{"start":{"line":66,"column":1},"end":{"line":138,"column":2}},{"start":{"line":66,"column":1},"end":{"line":138,"column":2}}],"line":66},"9":{"loc":{"start":{"line":66,"column":5},"end":{"line":66,"column":52}},"type":"binary-expr","locations":[{"start":{"line":66,"column":5},"end":{"line":66,"column":26}},{"start":{"line":66,"column":30},"end":{"line":66,"column":52}}],"line":66},"10":{"loc":{"start":{"line":67,"column":2},"end":{"line":96,"column":3}},"type":"if","locations":[{"start":{"line":67,"column":2},"end":{"line":96,"column":3}},{"start":{"line":67,"column":2},"end":{"line":96,"column":3}}],"line":67},"11":{"loc":{"start":{"line":70,"column":7},"end":{"line":96,"column":3}},"type":"if","locations":[{"start":{"line":70,"column":7},"end":{"line":96,"column":3}},{"start":{"line":70,"column":7},"end":{"line":96,"column":3}}],"line":70},"12":{"loc":{"start":{"line":77,"column":7},"end":{"line":96,"column":3}},"type":"if","locations":[{"start":{"line":77,"column":7},"end":{"line":96,"column":3}},{"start":{"line":77,"column":7},"end":{"line":96,"column":3}}],"line":77},"13":{"loc":{"start":{"line":79,"column":4},"end":{"line":91,"column":5}},"type":"if","locations":[{"start":{"line":79,"column":4},"end":{"line":91,"column":5}},{"start":{"line":79,"column":4},"end":{"line":91,"column":5}}],"line":79},"14":{"loc":{"start":{"line":82,"column":9},"end":{"line":91,"column":5}},"type":"if","locations":[{"start":{"line":82,"column":9},"end":{"line":91,"column":5}},{"start":{"line":82,"column":9},"end":{"line":91,"column":5}}],"line":82},"15":{"loc":{"start":{"line":85,"column":9},"end":{"line":91,"column":5}},"type":"if","locations":[{"start":{"line":85,"column":9},"end":{"line":91,"column":5}},{"start":{"line":85,"column":9},"end":{"line":91,"column":5}}],"line":85},"16":{"loc":{"start":{"line":93,"column":3},"end":{"line":95,"column":4}},"type":"if","locations":[{"start":{"line":93,"column":3},"end":{"line":95,"column":4}},{"start":{"line":93,"column":3},"end":{"line":95,"column":4}}],"line":93},"17":{"loc":{"start":{"line":98,"column":6},"end":{"line":138,"column":2}},"type":"if","locations":[{"start":{"line":98,"column":6},"end":{"line":138,"column":2}},{"start":{"line":98,"column":6},"end":{"line":138,"column":2}}],"line":98},"18":{"loc":{"start":{"line":98,"column":10},"end":{"line":98,"column":55}},"type":"binary-expr","locations":[{"start":{"line":98,"column":10},"end":{"line":98,"column":30}},{"start":{"line":98,"column":34},"end":{"line":98,"column":55}}],"line":98},"19":{"loc":{"start":{"line":99,"column":2},"end":{"line":110,"column":3}},"type":"if","locations":[{"start":{"line":99,"column":2},"end":{"line":110,"column":3}},{"start":{"line":99,"column":2},"end":{"line":110,"column":3}}],"line":99},"20":{"loc":{"start":{"line":105,"column":7},"end":{"line":110,"column":3}},"type":"if","locations":[{"start":{"line":105,"column":7},"end":{"line":110,"column":3}},{"start":{"line":105,"column":7},"end":{"line":110,"column":3}}],"line":105},"21":{"loc":{"start":{"line":111,"column":15},"end":{"line":111,"column":61}},"type":"cond-expr","locations":[{"start":{"line":111,"column":32},"end":{"line":111,"column":33}},{"start":{"line":111,"column":36},"end":{"line":111,"column":61}}],"line":111},"22":{"loc":{"start":{"line":112,"column":16},"end":{"line":112,"column":65}},"type":"cond-expr","locations":[{"start":{"line":112,"column":34},"end":{"line":112,"column":35}},{"start":{"line":112,"column":38},"end":{"line":112,"column":65}}],"line":112},"23":{"loc":{"start":{"line":132,"column":2},"end":{"line":134,"column":3}},"type":"if","locations":[{"start":{"line":132,"column":2},"end":{"line":134,"column":3}},{"start":{"line":132,"column":2},"end":{"line":134,"column":3}}],"line":132}},"s":{"0":7,"1":7,"2":7,"3":7,"4":7,"5":7,"6":7,"7":7,"8":7,"9":7,"10":1,"11":7,"12":2,"13":7,"14":0,"15":0,"16":0,"17":0,"18":0,"19":0,"20":0,"21":0,"22":7,"23":1,"24":1,"25":1,"26":1,"27":1,"28":1,"29":1,"30":6,"31":1,"32":1,"33":1,"34":1,"35":1,"36":1,"37":1,"38":1,"39":5,"40":8,"41":0,"42":0,"43":0,"44":5,"45":6,"46":0,"47":0,"48":0,"49":5,"50":5,"51":2,"52":3,"53":0,"54":0,"55":0,"56":0,"57":0,"58":3,"59":3,"60":4,"61":2,"62":2,"63":1,"64":1,"65":1,"66":1,"67":1,"68":1,"69":1,"70":1,"71":1,"72":0,"73":0,"74":0,"75":0,"76":0,"77":0,"78":0,"79":0,"80":0,"81":0,"82":0,"83":0,"84":0,"85":0,"86":0,"87":0,"88":0,"89":0,"90":0,"91":0,"92":0,"93":0,"94":0,"95":0,"96":0,"97":0,"98":0,"99":0,"100":0,"101":0,"102":0,"103":0},"f":{"0":7},"b":{"0":[0,7],"1":[7,1],"2":[1,6],"3":[7,6],"4":[1,5],"5":[6,1],"6":[0,8],"7":[0,6],"8":[5,0],"9":[5,5],"10":[2,3],"11":[0,3],"12":[3,0],"13":[2,2],"14":[1,1],"15":[1,0],"16":[1,0],"17":[0,0],"18":[0,0],"19":[0,0],"20":[0,0],"21":[0,0],"22":[0,0],"23":[0,0]},"_coverageSchema":"1a1c01bbd47fc00a2c39e90264f33305004495a9","hash":"85db6f8f6a5f97f830e6b5f7954f51c0b52fbb67"}
,"/home/gaurav/Documents/Github/math-code/js/mcSubSolve.js": {"path":"/home/gaurav/Documents/Github/math-code/js/mcSubSolve.js","statementMap":{"0":{"start":{"line":7,"column":1},"end":{"line":7,"column":12}},"1":{"start":{"line":8,"column":1},"end":{"line":8,"column":25}},"2":{"start":{"line":9,"column":1},"end":{"line":9,"column":27}},"3":{"start":{"line":10,"column":1},"end":{"line":10,"column":27}},"4":{"start":{"line":11,"column":1},"end":{"line":11,"column":29}},"5":{"start":{"line":12,"column":1},"end":{"line":13,"column":16}},"6":{"start":{"line":13,"column":2},"end":{"line":13,"column":16}},"7":{"start":{"line":14,"column":1},"end":{"line":15,"column":17}},"8":{"start":{"line":15,"column":2},"end":{"line":15,"column":17}},"9":{"start":{"line":16,"column":1},"end":{"line":16,"column":35}},"10":{"start":{"line":17,"column":1},"end":{"line":17,"column":37}},"11":{"start":{"line":18,"column":1},"end":{"line":37,"column":2}},"12":{"start":{"line":19,"column":2},"end":{"line":19,"column":76}},"13":{"start":{"line":20,"column":2},"end":{"line":20,"column":80}},"14":{"start":{"line":22,"column":2},"end":{"line":25,"column":3}},"15":{"start":{"line":23,"column":3},"end":{"line":23,"column":76}},"16":{"start":{"line":24,"column":3},"end":{"line":24,"column":19}},"17":{"start":{"line":26,"column":2},"end":{"line":36,"column":3}},"18":{"start":{"line":27,"column":3},"end":{"line":27,"column":39}},"19":{"start":{"line":28,"column":3},"end":{"line":28,"column":41}},"20":{"start":{"line":29,"column":3},"end":{"line":29,"column":30}},"21":{"start":{"line":30,"column":3},"end":{"line":30,"column":40}},"22":{"start":{"line":31,"column":3},"end":{"line":31,"column":53}},"23":{"start":{"line":32,"column":3},"end":{"line":32,"column":75}},"24":{"start":{"line":35,"column":3},"end":{"line":35,"column":41}},"25":{"start":{"line":38,"column":1},"end":{"line":38,"column":25}},"26":{"start":{"line":39,"column":1},"end":{"line":41,"column":2}},"27":{"start":{"line":40,"column":2},"end":{"line":40,"column":16}},"28":{"start":{"line":42,"column":1},"end":{"line":42,"column":26}},"29":{"start":{"line":43,"column":1},"end":{"line":43,"column":14}}},"fnMap":{"0":{"name":"mcSubSolve","decl":{"start":{"line":1,"column":16},"end":{"line":1,"column":26}},"loc":{"start":{"line":1,"column":43},"end":{"line":44,"column":1}},"line":1}},"branchMap":{"0":{"loc":{"start":{"line":19,"column":16},"end":{"line":19,"column":75}},"type":"cond-expr","locations":[{"start":{"line":19,"column":38},"end":{"line":19,"column":39}},{"start":{"line":19,"column":42},"end":{"line":19,"column":75}}],"line":19},"1":{"loc":{"start":{"line":20,"column":17},"end":{"line":20,"column":79}},"type":"cond-expr","locations":[{"start":{"line":20,"column":40},"end":{"line":20,"column":41}},{"start":{"line":20,"column":44},"end":{"line":20,"column":79}}],"line":20},"2":{"loc":{"start":{"line":22,"column":2},"end":{"line":25,"column":3}},"type":"if","locations":[{"start":{"line":22,"column":2},"end":{"line":25,"column":3}},{"start":{"line":22,"column":2},"end":{"line":25,"column":3}}],"line":22},"3":{"loc":{"start":{"line":26,"column":2},"end":{"line":36,"column":3}},"type":"if","locations":[{"start":{"line":26,"column":2},"end":{"line":36,"column":3}},{"start":{"line":26,"column":2},"end":{"line":36,"column":3}}],"line":26}},"s":{"0":4,"1":4,"2":4,"3":4,"4":4,"5":4,"6":0,"7":4,"8":0,"9":4,"10":4,"11":4,"12":6,"13":6,"14":6,"15":0,"16":0,"17":6,"18":0,"19":0,"20":0,"21":0,"22":0,"23":0,"24":6,"25":4,"26":4,"27":0,"28":4,"29":4},"f":{"0":4},"b":{"0":[0,6],"1":[2,4],"2":[0,6],"3":[0,6]},"_coverageSchema":"1a1c01bbd47fc00a2c39e90264f33305004495a9","hash":"1e0edd6953423541a5222a35ec1b6f01228453d7"}
,"/home/gaurav/Documents/Github/math-code/js/mul.js": {"path":"/home/gaurav/Documents/Github/math-code/js/mul.js","statementMap":{},"fnMap":{},"branchMap":{},"s":{},"f":{},"b":{},"_coverageSchema":"1a1c01bbd47fc00a2c39e90264f33305004495a9","hash":"7167470559adbff807b8734e4d641bcce4472beb"}
,"/home/gaurav/Documents/Github/math-code/js/pow.js": {"path":"/home/gaurav/Documents/Github/math-code/js/pow.js","statementMap":{},"fnMap":{},"branchMap":{},"s":{},"f":{},"b":{},"_coverageSchema":"1a1c01bbd47fc00a2c39e90264f33305004495a9","hash":"120b6d0810e049be46f229515cddbdefd89eb9a7"}
,"/home/gaurav/Documents/Github/math-code/js/sub.js": {"path":"/home/gaurav/Documents/Github/math-code/js/sub.js","statementMap":{},"fnMap":{},"branchMap":{},"s":{},"f":{},"b":{},"_coverageSchema":"1a1c01bbd47fc00a2c39e90264f33305004495a9","hash":"6e851b5cfe12154b2cd40de8879d94c06ddc183a"}
}
