TN:
SF:js/add.js
FNF:0
FNH:0
LF:0
LH:0
BRF:0
BRH:0
end_of_record
TN:
SF:js/fact.js
FNF:0
FNH:0
LF:0
LH:0
BRF:0
BRH:0
end_of_record
TN:
SF:js/mcAdd.js
FN:3,mcAdd
FNF:1
FNH:1
FNDA:29,mcAdd
DA:4,29
DA:5,29
DA:6,36
DA:8,29
LF:4
LH:4
BRF:0
BRH:0
end_of_record
TN:
SF:js/mcAddSection.js
FN:3,mcAddSection
FNF:1
FNH:1
FNDA:38,mcAddSection
DA:13,38
DA:14,38
DA:15,38
DA:16,38
DA:17,38
DA:18,38
DA:19,38
DA:20,38
DA:22,38
DA:23,1
DA:24,38
DA:25,29
DA:27,38
DA:28,0
DA:29,0
DA:30,0
DA:31,0
DA:32,0
DA:33,0
DA:34,0
DA:35,0
DA:36,0
DA:37,38
DA:38,0
DA:39,0
DA:40,0
DA:41,0
DA:42,0
DA:43,0
DA:44,0
DA:45,38
DA:46,0
DA:47,0
DA:48,0
DA:49,0
DA:50,0
DA:51,0
DA:52,0
DA:54,38
DA:55,60
DA:56,0
DA:57,0
DA:58,0
DA:60,38
DA:61,15
DA:62,0
DA:63,0
DA:64,0
DA:66,38
DA:67,38
DA:68,31
DA:70,7
DA:71,38
DA:72,38
DA:73,38
DA:74,62
DA:75,62
DA:76,62
DA:77,62
DA:78,62
DA:79,62
DA:80,2
DA:81,2
DA:84,38
DA:85,38
DA:86,38
DA:87,0
DA:89,0
DA:90,0
DA:91,0
DA:92,0
DA:93,0
DA:94,0
DA:95,0
DA:96,0
DA:97,0
DA:98,0
DA:100,0
DA:101,0
DA:102,0
DA:103,0
DA:104,0
DA:105,0
DA:107,0
DA:108,0
DA:110,0
DA:111,0
DA:112,0
DA:113,0
DA:115,0
DA:116,0
DA:118,0
DA:121,0
DA:122,0
DA:123,0
DA:124,0
DA:125,0
DA:126,0
DA:128,0
DA:131,0
DA:132,0
DA:133,0
DA:134,0
DA:135,0
DA:136,0
DA:138,0
DA:139,0
DA:142,0
LF:108
LH:37
BRDA:27,0,0,0
BRDA:27,0,1,38
BRDA:27,1,0,38
BRDA:27,1,1,0
BRDA:37,2,0,0
BRDA:37,2,1,38
BRDA:37,3,0,38
BRDA:37,3,1,38
BRDA:45,4,0,0
BRDA:45,4,1,38
BRDA:45,5,0,38
BRDA:45,5,1,0
BRDA:55,6,0,0
BRDA:55,6,1,60
BRDA:61,7,0,0
BRDA:61,7,1,15
BRDA:66,8,0,38
BRDA:66,8,1,0
BRDA:66,9,0,38
BRDA:66,9,1,38
BRDA:67,10,0,31
BRDA:67,10,1,7
BRDA:74,11,0,2
BRDA:74,11,1,60
BRDA:75,12,0,47
BRDA:75,12,1,15
BRDA:76,13,0,60
BRDA:76,13,1,2
BRDA:79,14,0,2
BRDA:79,14,1,60
BRDA:87,15,0,0
BRDA:87,15,1,0
BRDA:87,16,0,0
BRDA:87,16,1,0
BRDA:89,17,0,0
BRDA:89,17,1,0
BRDA:94,18,0,0
BRDA:94,18,1,0
BRDA:100,19,0,0
BRDA:100,19,1,0
BRDA:101,20,0,0
BRDA:101,20,1,0
BRDA:118,21,0,0
BRDA:118,21,1,0
BRDA:118,22,0,0
BRDA:118,22,1,0
BRDA:128,23,0,0
BRDA:128,23,1,0
BRDA:128,24,0,0
BRDA:128,24,1,0
BRF:50
BRH:22
end_of_record
TN:
SF:js/mcFact.js
FN:3,mcFact
FNF:1
FNH:1
FNDA:12,mcFact
DA:4,12
DA:5,12
DA:6,4
DA:8,8
LF:4
LH:4
BRDA:5,0,0,4
BRDA:5,0,1,8
BRDA:5,1,0,12
BRDA:5,1,1,12
BRF:4
BRH:4
end_of_record
TN:
SF:js/mcMul.js
FN:3,mcMul
FNF:1
FNH:1
FNDA:11,mcMul
DA:4,11
DA:5,11
DA:6,21
DA:8,11
LF:4
LH:4
BRF:0
BRH:0
end_of_record
TN:
SF:js/mcMulOne.js
FN:1,mcMulOne
FNF:1
FNH:1
FNDA:30,mcMulOne
DA:6,30
DA:7,30
DA:8,30
DA:9,30
DA:10,30
DA:11,30
DA:12,30
DA:13,41
DA:14,41
DA:15,41
DA:16,41
DA:17,9
DA:18,9
DA:21,30
DA:22,30
DA:23,30
LF:16
LH:16
BRDA:13,0,0,38
BRDA:13,0,1,3
BRDA:16,1,0,9
BRDA:16,1,1,32
BRF:4
BRH:4
end_of_record
TN:
SF:js/mcMulSection.js
FN:4,mcMulSection
FNF:1
FNH:1
FNDA:26,mcMulSection
DA:13,26
DA:14,26
DA:15,26
DA:16,26
DA:17,26
DA:18,26
DA:19,26
DA:20,26
DA:21,26
DA:22,0
DA:23,26
DA:24,0
DA:26,26
DA:27,0
DA:28,0
DA:29,0
DA:30,0
DA:31,0
DA:32,0
DA:33,0
DA:34,0
DA:35,26
DA:36,0
DA:37,0
DA:38,0
DA:39,0
DA:40,0
DA:41,0
DA:42,0
DA:43,0
DA:44,26
DA:45,0
DA:46,0
DA:47,0
DA:48,0
DA:49,0
DA:50,0
DA:51,0
DA:52,0
DA:55,26
DA:56,33
DA:57,0
DA:58,0
DA:59,0
DA:61,26
DA:62,30
DA:63,0
DA:64,0
DA:65,0
DA:67,26
DA:68,26
DA:69,26
DA:70,26
DA:71,26
DA:72,30
DA:73,30
DA:74,4
DA:76,26
DA:77,26
DA:79,0
DA:80,0
DA:81,0
DA:82,0
DA:83,0
DA:84,0
DA:85,0
DA:86,0
DA:87,0
DA:88,0
DA:89,0
DA:91,0
DA:92,0
DA:93,0
DA:94,0
DA:95,0
DA:96,0
DA:98,0
DA:99,0
DA:101,0
DA:103,0
DA:104,0
DA:105,0
DA:106,0
DA:107,0
DA:108,0
DA:109,0
DA:110,0
DA:111,0
DA:113,0
LF:89
LH:27
BRDA:26,0,0,0
BRDA:26,0,1,26
BRDA:26,1,0,26
BRDA:26,1,1,0
BRDA:35,2,0,0
BRDA:35,2,1,26
BRDA:35,3,0,26
BRDA:35,3,1,26
BRDA:44,4,0,0
BRDA:44,4,1,26
BRDA:44,5,0,26
BRDA:44,5,1,0
BRDA:56,6,0,0
BRDA:56,6,1,33
BRDA:62,7,0,0
BRDA:62,7,1,30
BRDA:67,8,0,26
BRDA:67,8,1,0
BRDA:67,9,0,26
BRDA:67,9,1,26
BRDA:79,10,0,0
BRDA:79,10,1,0
BRDA:79,11,0,0
BRDA:79,11,1,0
BRDA:80,12,0,0
BRDA:80,12,1,0
BRDA:85,13,0,0
BRDA:85,13,1,0
BRDA:108,14,0,0
BRDA:108,14,1,0
BRF:30
BRH:12
end_of_record
TN:
SF:js/mcPow.js
FN:3,mcPow
FNF:1
FNH:1
FNDA:5,mcPow
DA:4,5
DA:5,2
DA:6,3
DA:7,3
DA:8,5
DA:10,3
DA:11,3
LF:7
LH:7
BRDA:4,0,0,2
BRDA:4,0,1,3
BRDA:4,1,0,5
BRDA:4,1,1,4
BRF:4
BRH:4
end_of_record
TN:
SF:js/mcSubSection.js
FN:4,mcSubSection
FNF:1
FNH:1
FNDA:7,mcSubSection
DA:14,7
DA:15,7
DA:16,7
DA:17,7
DA:18,7
DA:19,7
DA:20,7
DA:21,7
DA:22,7
DA:23,7
DA:24,1
DA:25,7
DA:26,2
DA:27,7
DA:28,0
DA:29,0
DA:30,0
DA:31,0
DA:32,0
DA:33,0
DA:34,0
DA:35,0
DA:36,7
DA:37,1
DA:38,1
DA:39,1
DA:40,1
DA:41,1
DA:42,1
DA:43,1
DA:44,6
DA:45,1
DA:46,1
DA:47,1
DA:48,1
DA:49,1
DA:50,1
DA:51,1
DA:52,1
DA:54,5
DA:55,8
DA:56,0
DA:57,0
DA:58,0
DA:60,5
DA:61,6
DA:62,0
DA:63,0
DA:64,0
DA:66,5
DA:67,5
DA:68,2
DA:70,3
DA:71,0
DA:72,0
DA:73,0
DA:74,0
DA:75,0
DA:77,3
DA:78,3
DA:79,4
DA:80,2
DA:82,2
DA:83,1
DA:85,1
DA:86,1
DA:87,1
DA:88,1
DA:89,1
DA:90,1
DA:93,1
DA:94,1
DA:98,0
DA:99,0
DA:100,0
DA:101,0
DA:102,0
DA:103,0
DA:105,0
DA:106,0
DA:107,0
DA:108,0
DA:109,0
DA:111,0
DA:112,0
DA:113,0
DA:114,0
DA:115,0
DA:116,0
DA:118,0
DA:119,0
DA:121,0
DA:122,0
DA:124,0
DA:125,0
DA:126,0
DA:127,0
DA:129,0
DA:130,0
DA:132,0
DA:133,0
DA:135,0
DA:136,0
DA:139,0
LF:104
LH:53
BRDA:27,0,0,0
BRDA:27,0,1,7
BRDA:27,1,0,7
BRDA:27,1,1,1
BRDA:36,2,0,1
BRDA:36,2,1,6
BRDA:36,3,0,7
BRDA:36,3,1,6
BRDA:44,4,0,1
BRDA:44,4,1,5
BRDA:44,5,0,6
BRDA:44,5,1,1
BRDA:55,6,0,0
BRDA:55,6,1,8
BRDA:61,7,0,0
BRDA:61,7,1,6
BRDA:66,8,0,5
BRDA:66,8,1,0
BRDA:66,9,0,5
BRDA:66,9,1,5
BRDA:67,10,0,2
BRDA:67,10,1,3
BRDA:70,11,0,0
BRDA:70,11,1,3
BRDA:77,12,0,3
BRDA:77,12,1,0
BRDA:79,13,0,2
BRDA:79,13,1,2
BRDA:82,14,0,1
BRDA:82,14,1,1
BRDA:85,15,0,1
BRDA:85,15,1,0
BRDA:93,16,0,1
BRDA:93,16,1,0
BRDA:98,17,0,0
BRDA:98,17,1,0
BRDA:98,18,0,0
BRDA:98,18,1,0
BRDA:99,19,0,0
BRDA:99,19,1,0
BRDA:105,20,0,0
BRDA:105,20,1,0
BRDA:111,21,0,0
BRDA:111,21,1,0
BRDA:112,22,0,0
BRDA:112,22,1,0
BRDA:132,23,0,0
BRDA:132,23,1,0
BRF:48
BRH:26
end_of_record
TN:
SF:js/mcSubSolve.js
FN:1,mcSubSolve
FNF:1
FNH:1
FNDA:4,mcSubSolve
DA:7,4
DA:8,4
DA:9,4
DA:10,4
DA:11,4
DA:12,4
DA:13,0
DA:14,4
DA:15,0
DA:16,4
DA:17,4
DA:18,4
DA:19,6
DA:20,6
DA:22,6
DA:23,0
DA:24,0
DA:26,6
DA:27,0
DA:28,0
DA:29,0
DA:30,0
DA:31,0
DA:32,0
DA:35,6
DA:38,4
DA:39,4
DA:40,0
DA:42,4
DA:43,4
LF:30
LH:19
BRDA:19,0,0,0
BRDA:19,0,1,6
BRDA:20,1,0,2
BRDA:20,1,1,4
BRDA:22,2,0,0
BRDA:22,2,1,6
BRDA:26,3,0,0
BRDA:26,3,1,6
BRF:8
BRH:5
end_of_record
TN:
SF:js/mul.js
FNF:0
FNH:0
LF:0
LH:0
BRF:0
BRH:0
end_of_record
TN:
SF:js/pow.js
FNF:0
FNH:0
LF:0
LH:0
BRF:0
BRH:0
end_of_record
TN:
SF:js/sub.js
FNF:0
FNH:0
LF:0
LH:0
BRF:0
BRH:0
end_of_record
